<?xml version="1.0" encoding="UTF-8"?>
<testsuite xmlns:xsi="http://www.w3.org/2001/XMLSchema-instance" xsi:noNamespaceSchemaLocation="https://maven.apache.org/surefire/maven-surefire-plugin/xsd/surefire-test-report-3.0.xsd" version="3.0" name="it.org.nifi.rocksdbmanager.processors.ProcessorsAndServiceTest" time="2.457" tests="2" errors="0" skipped="0" failures="0">
  <properties>
    <property name="gopherProxySet" value="false"/>
    <property name="awt.toolkit" value="sun.lwawt.macosx.LWCToolkit"/>
    <property name="java.specification.version" value="11"/>
    <property name="sun.cpu.isalist" value=""/>
    <property name="sun.jnu.encoding" value="UTF-8"/>
    <property name="java.class.path" value="/Users/giovannitroia/Workspace/nar/rocksdb-manager/nifi-rocksdb-manager-processors/target/test-classes:/Users/giovannitroia/Workspace/nar/rocksdb-manager/nifi-rocksdb-manager-processors/target/classes:/Users/giovannitroia/.m2/repository/org/apache/nifi/nifi-mock/1.23.2/nifi-mock-1.23.2.jar:/Users/giovannitroia/.m2/repository/org/apache/nifi/nifi-framework-api/1.23.2/nifi-framework-api-1.23.2.jar:/Users/giovannitroia/.m2/repository/org/apache/nifi/nifi-parameter/1.23.2/nifi-parameter-1.23.2.jar:/Users/giovannitroia/.m2/repository/org/apache/nifi/nifi-framework-core-api/1.23.2/nifi-framework-core-api-1.23.2.jar:/Users/giovannitroia/.m2/repository/org/apache/nifi/nifi-framework-nar-utils/1.23.2/nifi-framework-nar-utils-1.23.2.jar:/Users/giovannitroia/.m2/repository/org/apache/nifi/nifi-runtime-manifest-core/1.23.2/nifi-runtime-manifest-core-1.23.2.jar:/Users/giovannitroia/.m2/repository/org/apache/nifi/nifi-extension-manifest-model/1.23.2/nifi-extension-manifest-model-1.23.2.jar:/Users/giovannitroia/.m2/repository/org/apache/nifi/nifi-extension-manifest-parser/1.23.2/nifi-extension-manifest-parser-1.23.2.jar:/Users/giovannitroia/.m2/repository/org/apache/nifi/nifi-client-dto/1.23.2/nifi-client-dto-1.23.2.jar:/Users/giovannitroia/.m2/repository/io/swagger/swagger-annotations/1.6.11/swagger-annotations-1.6.11.jar:/Users/giovannitroia/.m2/repository/org/apache/nifi/c2-protocol-component-api/1.23.2/c2-protocol-component-api-1.23.2.jar:/Users/giovannitroia/.m2/repository/org/apache/nifi/nifi-site-to-site-client/1.23.2/nifi-site-to-site-client-1.23.2.jar:/Users/giovannitroia/.m2/repository/org/apache/nifi/nifi-security-utils/1.23.2/nifi-security-utils-1.23.2.jar:/Users/giovannitroia/.m2/repository/org/apache/nifi/nifi-deprecation-log/1.23.2/nifi-deprecation-log-1.23.2.jar:/Users/giovannitroia/.m2/repository/org/bouncycastle/bcprov-jdk18on/1.76/bcprov-jdk18on-1.76.jar:/Users/giovannitroia/.m2/repository/org/bouncycastle/bcpkix-jdk18on/1.76/bcpkix-jdk18on-1.76.jar:/Users/giovannitroia/.m2/repository/org/bouncycastle/bcutil-jdk18on/1.76/bcutil-jdk18on-1.76.jar:/Users/giovannitroia/.m2/repository/org/apache/nifi/nifi-properties/1.23.2/nifi-properties-1.23.2.jar:/Users/giovannitroia/.m2/repository/org/apache/nifi/nifi-property-utils/1.23.2/nifi-property-utils-1.23.2.jar:/Users/giovannitroia/.m2/repository/at/favre/lib/bcrypt/0.10.2/bcrypt-0.10.2.jar:/Users/giovannitroia/.m2/repository/at/favre/lib/bytes/1.5.0/bytes-1.5.0.jar:/Users/giovannitroia/.m2/repository/org/apache/nifi/nifi-security-utils-api/1.23.2/nifi-security-utils-api-1.23.2.jar:/Users/giovannitroia/.m2/repository/org/apache/nifi/nifi-security-ssl/1.23.2/nifi-security-ssl-1.23.2.jar:/Users/giovannitroia/.m2/repository/org/apache/nifi/nifi-xml-processing/1.23.2/nifi-xml-processing-1.23.2.jar:/Users/giovannitroia/.m2/repository/org/apache/httpcomponents/client5/httpclient5/5.0-beta4/httpclient5-5.0-beta4.jar:/Users/giovannitroia/.m2/repository/org/apache/httpcomponents/core5/httpcore5/5.0-beta7/httpcore5-5.0-beta7.jar:/Users/giovannitroia/.m2/repository/org/apache/httpcomponents/core5/httpcore5-h2/5.0-beta7/httpcore5-h2-5.0-beta7.jar:/Users/giovannitroia/.m2/repository/org/apache/httpcomponents/httpasyncclient/4.1.5/httpasyncclient-4.1.5.jar:/Users/giovannitroia/.m2/repository/org/apache/httpcomponents/httpcore/4.4.16/httpcore-4.4.16.jar:/Users/giovannitroia/.m2/repository/org/apache/httpcomponents/httpcore-nio/4.4.15/httpcore-nio-4.4.15.jar:/Users/giovannitroia/.m2/repository/org/apache/httpcomponents/httpclient/4.5.14/httpclient-4.5.14.jar:/Users/giovannitroia/.m2/repository/javax/validation/validation-api/2.0.1.Final/validation-api-2.0.1.Final.jar:/Users/giovannitroia/.m2/repository/org/apache/commons/commons-lang3/3.13.0/commons-lang3-3.13.0.jar:/Users/giovannitroia/.m2/repository/org/apache/nifi/nifi-framework-authorization/1.23.2/nifi-framework-authorization-1.23.2.jar:/Users/giovannitroia/.m2/repository/org/apache/nifi/nifi-expression-language/1.23.2/nifi-expression-language-1.23.2.jar:/Users/giovannitroia/.m2/repository/org/antlr/antlr-runtime/3.5.3/antlr-runtime-3.5.3.jar:/Users/giovannitroia/.m2/repository/org/apache/nifi/nifi-uuid5/1.23.2/nifi-uuid5-1.23.2.jar:/Users/giovannitroia/.m2/repository/com/jayway/jsonpath/json-path/2.8.0/json-path-2.8.0.jar:/Users/giovannitroia/.m2/repository/net/minidev/json-smart/2.4.11/json-smart-2.4.11.jar:/Users/giovannitroia/.m2/repository/net/minidev/accessors-smart/2.4.11/accessors-smart-2.4.11.jar:/Users/giovannitroia/.m2/repository/org/ow2/asm/asm/9.3/asm-9.3.jar:/Users/giovannitroia/.m2/repository/com/fasterxml/jackson/core/jackson-databind/2.15.2/jackson-databind-2.15.2.jar:/Users/giovannitroia/.m2/repository/com/fasterxml/jackson/core/jackson-annotations/2.15.2/jackson-annotations-2.15.2.jar:/Users/giovannitroia/.m2/repository/com/fasterxml/jackson/core/jackson-core/2.15.2/jackson-core-2.15.2.jar:/Users/giovannitroia/.m2/repository/org/apache/commons/commons-text/1.10.0/commons-text-1.10.0.jar:/Users/giovannitroia/.m2/repository/commons-codec/commons-codec/1.16.0/commons-codec-1.16.0.jar:/Users/giovannitroia/.m2/repository/org/apache/nifi/nifi-data-provenance-utils/1.23.2/nifi-data-provenance-utils-1.23.2.jar:/Users/giovannitroia/.m2/repository/org/junit/jupiter/junit-jupiter-api/5.10.0/junit-jupiter-api-5.10.0.jar:/Users/giovannitroia/.m2/repository/org/opentest4j/opentest4j/1.3.0/opentest4j-1.3.0.jar:/Users/giovannitroia/.m2/repository/org/junit/platform/junit-platform-commons/1.10.0/junit-platform-commons-1.10.0.jar:/Users/giovannitroia/.m2/repository/org/apiguardian/apiguardian-api/1.1.2/apiguardian-api-1.1.2.jar:/Users/giovannitroia/.m2/repository/org/junit/jupiter/junit-jupiter-engine/5.10.0/junit-jupiter-engine-5.10.0.jar:/Users/giovannitroia/.m2/repository/org/junit/platform/junit-platform-engine/1.10.0/junit-platform-engine-1.10.0.jar:/Users/giovannitroia/.m2/repository/org/rocksdb/rocksdbjni/8.8.1/rocksdbjni-8.8.1.jar:/Users/giovannitroia/.m2/repository/org/springframework/spring-context/5.3.29/spring-context-5.3.29.jar:/Users/giovannitroia/.m2/repository/org/springframework/spring-aop/5.3.29/spring-aop-5.3.29.jar:/Users/giovannitroia/.m2/repository/org/springframework/spring-beans/5.3.29/spring-beans-5.3.29.jar:/Users/giovannitroia/.m2/repository/org/springframework/spring-core/5.3.29/spring-core-5.3.29.jar:/Users/giovannitroia/.m2/repository/org/springframework/spring-jcl/5.3.29/spring-jcl-5.3.29.jar:/Users/giovannitroia/.m2/repository/org/springframework/spring-expression/5.3.29/spring-expression-5.3.29.jar:/Users/giovannitroia/.m2/repository/org/apache/nifi/nifi-api/1.23.2/nifi-api-1.23.2.jar:/Users/giovannitroia/.m2/repository/org/apache/nifi/nifi-utils/1.23.2/nifi-utils-1.23.2.jar:/Users/giovannitroia/.m2/repository/jakarta/xml/bind/jakarta.xml.bind-api/2.3.3/jakarta.xml.bind-api-2.3.3.jar:/Users/giovannitroia/.m2/repository/jakarta/activation/jakarta.activation-api/1.2.2/jakarta.activation-api-1.2.2.jar:/Users/giovannitroia/.m2/repository/org/glassfish/jaxb/jaxb-runtime/2.3.5/jaxb-runtime-2.3.5.jar:/Users/giovannitroia/.m2/repository/org/glassfish/jaxb/txw2/2.3.5/txw2-2.3.5.jar:/Users/giovannitroia/.m2/repository/com/sun/istack/istack-commons-runtime/3.0.12/istack-commons-runtime-3.0.12.jar:/Users/giovannitroia/.m2/repository/com/sun/activation/jakarta.activation/1.2.2/jakarta.activation-1.2.2.jar:/Users/giovannitroia/.m2/repository/org/junit/jupiter/junit-jupiter-params/5.10.0/junit-jupiter-params-5.10.0.jar:/Users/giovannitroia/.m2/repository/org/mockito/mockito-core/4.11.0/mockito-core-4.11.0.jar:/Users/giovannitroia/.m2/repository/net/bytebuddy/byte-buddy/1.12.19/byte-buddy-1.12.19.jar:/Users/giovannitroia/.m2/repository/net/bytebuddy/byte-buddy-agent/1.12.19/byte-buddy-agent-1.12.19.jar:/Users/giovannitroia/.m2/repository/org/objenesis/objenesis/3.3/objenesis-3.3.jar:/Users/giovannitroia/.m2/repository/org/mockito/mockito-junit-jupiter/4.11.0/mockito-junit-jupiter-4.11.0.jar:/Users/giovannitroia/.m2/repository/org/hamcrest/hamcrest-all/1.3/hamcrest-all-1.3.jar:/Users/giovannitroia/.m2/repository/org/slf4j/slf4j-simple/2.0.7/slf4j-simple-2.0.7.jar:/Users/giovannitroia/.m2/repository/org/slf4j/slf4j-api/2.0.7/slf4j-api-2.0.7.jar:"/>
    <property name="java.vm.vendor" value="Eclipse Adoptium"/>
    <property name="sun.arch.data.model" value="64"/>
    <property name="java.vendor.url" value="https://adoptium.net/"/>
    <property name="user.timezone" value=""/>
    <property name="java.vm.specification.version" value="11"/>
    <property name="os.name" value="Mac OS X"/>
    <property name="sun.java.launcher" value="SUN_STANDARD"/>
    <property name="user.country" value="IT"/>
    <property name="sun.boot.library.path" value="/Users/giovannitroia/Library/Java/JavaVirtualMachines/temurin-11.0.15/Contents/Home/lib"/>
    <property name="sun.java.command" value="/Users/giovannitroia/Workspace/nar/rocksdb-manager/nifi-rocksdb-manager-processors/target/surefire/surefirebooter-20231207102057727_3.jar /Users/giovannitroia/Workspace/nar/rocksdb-manager/nifi-rocksdb-manager-processors/target/surefire 2023-12-07T10-20-57_592-jvmRun1 surefire-20231207102057727_1tmp surefire_0-20231207102057727_2tmp"/>
    <property name="http.nonProxyHosts" value="local|*.local|169.254/16|*.169.254/16"/>
    <property name="jdk.debug" value="release"/>
    <property name="surefire.test.class.path" value="/Users/giovannitroia/Workspace/nar/rocksdb-manager/nifi-rocksdb-manager-processors/target/test-classes:/Users/giovannitroia/Workspace/nar/rocksdb-manager/nifi-rocksdb-manager-processors/target/classes:/Users/giovannitroia/.m2/repository/org/apache/nifi/nifi-mock/1.23.2/nifi-mock-1.23.2.jar:/Users/giovannitroia/.m2/repository/org/apache/nifi/nifi-framework-api/1.23.2/nifi-framework-api-1.23.2.jar:/Users/giovannitroia/.m2/repository/org/apache/nifi/nifi-parameter/1.23.2/nifi-parameter-1.23.2.jar:/Users/giovannitroia/.m2/repository/org/apache/nifi/nifi-framework-core-api/1.23.2/nifi-framework-core-api-1.23.2.jar:/Users/giovannitroia/.m2/repository/org/apache/nifi/nifi-framework-nar-utils/1.23.2/nifi-framework-nar-utils-1.23.2.jar:/Users/giovannitroia/.m2/repository/org/apache/nifi/nifi-runtime-manifest-core/1.23.2/nifi-runtime-manifest-core-1.23.2.jar:/Users/giovannitroia/.m2/repository/org/apache/nifi/nifi-extension-manifest-model/1.23.2/nifi-extension-manifest-model-1.23.2.jar:/Users/giovannitroia/.m2/repository/org/apache/nifi/nifi-extension-manifest-parser/1.23.2/nifi-extension-manifest-parser-1.23.2.jar:/Users/giovannitroia/.m2/repository/org/apache/nifi/nifi-client-dto/1.23.2/nifi-client-dto-1.23.2.jar:/Users/giovannitroia/.m2/repository/io/swagger/swagger-annotations/1.6.11/swagger-annotations-1.6.11.jar:/Users/giovannitroia/.m2/repository/org/apache/nifi/c2-protocol-component-api/1.23.2/c2-protocol-component-api-1.23.2.jar:/Users/giovannitroia/.m2/repository/org/apache/nifi/nifi-site-to-site-client/1.23.2/nifi-site-to-site-client-1.23.2.jar:/Users/giovannitroia/.m2/repository/org/apache/nifi/nifi-security-utils/1.23.2/nifi-security-utils-1.23.2.jar:/Users/giovannitroia/.m2/repository/org/apache/nifi/nifi-deprecation-log/1.23.2/nifi-deprecation-log-1.23.2.jar:/Users/giovannitroia/.m2/repository/org/bouncycastle/bcprov-jdk18on/1.76/bcprov-jdk18on-1.76.jar:/Users/giovannitroia/.m2/repository/org/bouncycastle/bcpkix-jdk18on/1.76/bcpkix-jdk18on-1.76.jar:/Users/giovannitroia/.m2/repository/org/bouncycastle/bcutil-jdk18on/1.76/bcutil-jdk18on-1.76.jar:/Users/giovannitroia/.m2/repository/org/apache/nifi/nifi-properties/1.23.2/nifi-properties-1.23.2.jar:/Users/giovannitroia/.m2/repository/org/apache/nifi/nifi-property-utils/1.23.2/nifi-property-utils-1.23.2.jar:/Users/giovannitroia/.m2/repository/at/favre/lib/bcrypt/0.10.2/bcrypt-0.10.2.jar:/Users/giovannitroia/.m2/repository/at/favre/lib/bytes/1.5.0/bytes-1.5.0.jar:/Users/giovannitroia/.m2/repository/org/apache/nifi/nifi-security-utils-api/1.23.2/nifi-security-utils-api-1.23.2.jar:/Users/giovannitroia/.m2/repository/org/apache/nifi/nifi-security-ssl/1.23.2/nifi-security-ssl-1.23.2.jar:/Users/giovannitroia/.m2/repository/org/apache/nifi/nifi-xml-processing/1.23.2/nifi-xml-processing-1.23.2.jar:/Users/giovannitroia/.m2/repository/org/apache/httpcomponents/client5/httpclient5/5.0-beta4/httpclient5-5.0-beta4.jar:/Users/giovannitroia/.m2/repository/org/apache/httpcomponents/core5/httpcore5/5.0-beta7/httpcore5-5.0-beta7.jar:/Users/giovannitroia/.m2/repository/org/apache/httpcomponents/core5/httpcore5-h2/5.0-beta7/httpcore5-h2-5.0-beta7.jar:/Users/giovannitroia/.m2/repository/org/apache/httpcomponents/httpasyncclient/4.1.5/httpasyncclient-4.1.5.jar:/Users/giovannitroia/.m2/repository/org/apache/httpcomponents/httpcore/4.4.16/httpcore-4.4.16.jar:/Users/giovannitroia/.m2/repository/org/apache/httpcomponents/httpcore-nio/4.4.15/httpcore-nio-4.4.15.jar:/Users/giovannitroia/.m2/repository/org/apache/httpcomponents/httpclient/4.5.14/httpclient-4.5.14.jar:/Users/giovannitroia/.m2/repository/javax/validation/validation-api/2.0.1.Final/validation-api-2.0.1.Final.jar:/Users/giovannitroia/.m2/repository/org/apache/commons/commons-lang3/3.13.0/commons-lang3-3.13.0.jar:/Users/giovannitroia/.m2/repository/org/apache/nifi/nifi-framework-authorization/1.23.2/nifi-framework-authorization-1.23.2.jar:/Users/giovannitroia/.m2/repository/org/apache/nifi/nifi-expression-language/1.23.2/nifi-expression-language-1.23.2.jar:/Users/giovannitroia/.m2/repository/org/antlr/antlr-runtime/3.5.3/antlr-runtime-3.5.3.jar:/Users/giovannitroia/.m2/repository/org/apache/nifi/nifi-uuid5/1.23.2/nifi-uuid5-1.23.2.jar:/Users/giovannitroia/.m2/repository/com/jayway/jsonpath/json-path/2.8.0/json-path-2.8.0.jar:/Users/giovannitroia/.m2/repository/net/minidev/json-smart/2.4.11/json-smart-2.4.11.jar:/Users/giovannitroia/.m2/repository/net/minidev/accessors-smart/2.4.11/accessors-smart-2.4.11.jar:/Users/giovannitroia/.m2/repository/org/ow2/asm/asm/9.3/asm-9.3.jar:/Users/giovannitroia/.m2/repository/com/fasterxml/jackson/core/jackson-databind/2.15.2/jackson-databind-2.15.2.jar:/Users/giovannitroia/.m2/repository/com/fasterxml/jackson/core/jackson-annotations/2.15.2/jackson-annotations-2.15.2.jar:/Users/giovannitroia/.m2/repository/com/fasterxml/jackson/core/jackson-core/2.15.2/jackson-core-2.15.2.jar:/Users/giovannitroia/.m2/repository/org/apache/commons/commons-text/1.10.0/commons-text-1.10.0.jar:/Users/giovannitroia/.m2/repository/commons-codec/commons-codec/1.16.0/commons-codec-1.16.0.jar:/Users/giovannitroia/.m2/repository/org/apache/nifi/nifi-data-provenance-utils/1.23.2/nifi-data-provenance-utils-1.23.2.jar:/Users/giovannitroia/.m2/repository/org/junit/jupiter/junit-jupiter-api/5.10.0/junit-jupiter-api-5.10.0.jar:/Users/giovannitroia/.m2/repository/org/opentest4j/opentest4j/1.3.0/opentest4j-1.3.0.jar:/Users/giovannitroia/.m2/repository/org/junit/platform/junit-platform-commons/1.10.0/junit-platform-commons-1.10.0.jar:/Users/giovannitroia/.m2/repository/org/apiguardian/apiguardian-api/1.1.2/apiguardian-api-1.1.2.jar:/Users/giovannitroia/.m2/repository/org/junit/jupiter/junit-jupiter-engine/5.10.0/junit-jupiter-engine-5.10.0.jar:/Users/giovannitroia/.m2/repository/org/junit/platform/junit-platform-engine/1.10.0/junit-platform-engine-1.10.0.jar:/Users/giovannitroia/.m2/repository/org/rocksdb/rocksdbjni/8.8.1/rocksdbjni-8.8.1.jar:/Users/giovannitroia/.m2/repository/org/springframework/spring-context/5.3.29/spring-context-5.3.29.jar:/Users/giovannitroia/.m2/repository/org/springframework/spring-aop/5.3.29/spring-aop-5.3.29.jar:/Users/giovannitroia/.m2/repository/org/springframework/spring-beans/5.3.29/spring-beans-5.3.29.jar:/Users/giovannitroia/.m2/repository/org/springframework/spring-core/5.3.29/spring-core-5.3.29.jar:/Users/giovannitroia/.m2/repository/org/springframework/spring-jcl/5.3.29/spring-jcl-5.3.29.jar:/Users/giovannitroia/.m2/repository/org/springframework/spring-expression/5.3.29/spring-expression-5.3.29.jar:/Users/giovannitroia/.m2/repository/org/apache/nifi/nifi-api/1.23.2/nifi-api-1.23.2.jar:/Users/giovannitroia/.m2/repository/org/apache/nifi/nifi-utils/1.23.2/nifi-utils-1.23.2.jar:/Users/giovannitroia/.m2/repository/jakarta/xml/bind/jakarta.xml.bind-api/2.3.3/jakarta.xml.bind-api-2.3.3.jar:/Users/giovannitroia/.m2/repository/jakarta/activation/jakarta.activation-api/1.2.2/jakarta.activation-api-1.2.2.jar:/Users/giovannitroia/.m2/repository/org/glassfish/jaxb/jaxb-runtime/2.3.5/jaxb-runtime-2.3.5.jar:/Users/giovannitroia/.m2/repository/org/glassfish/jaxb/txw2/2.3.5/txw2-2.3.5.jar:/Users/giovannitroia/.m2/repository/com/sun/istack/istack-commons-runtime/3.0.12/istack-commons-runtime-3.0.12.jar:/Users/giovannitroia/.m2/repository/com/sun/activation/jakarta.activation/1.2.2/jakarta.activation-1.2.2.jar:/Users/giovannitroia/.m2/repository/org/junit/jupiter/junit-jupiter-params/5.10.0/junit-jupiter-params-5.10.0.jar:/Users/giovannitroia/.m2/repository/org/mockito/mockito-core/4.11.0/mockito-core-4.11.0.jar:/Users/giovannitroia/.m2/repository/net/bytebuddy/byte-buddy/1.12.19/byte-buddy-1.12.19.jar:/Users/giovannitroia/.m2/repository/net/bytebuddy/byte-buddy-agent/1.12.19/byte-buddy-agent-1.12.19.jar:/Users/giovannitroia/.m2/repository/org/objenesis/objenesis/3.3/objenesis-3.3.jar:/Users/giovannitroia/.m2/repository/org/mockito/mockito-junit-jupiter/4.11.0/mockito-junit-jupiter-4.11.0.jar:/Users/giovannitroia/.m2/repository/org/hamcrest/hamcrest-all/1.3/hamcrest-all-1.3.jar:/Users/giovannitroia/.m2/repository/org/slf4j/slf4j-simple/2.0.7/slf4j-simple-2.0.7.jar:/Users/giovannitroia/.m2/repository/org/slf4j/slf4j-api/2.0.7/slf4j-api-2.0.7.jar:"/>
    <property name="sun.cpu.endian" value="little"/>
    <property name="user.home" value="/Users/giovannitroia"/>
    <property name="user.language" value="en"/>
    <property name="java.specification.vendor" value="Oracle Corporation"/>
    <property name="java.version.date" value="2022-04-19"/>
    <property name="java.home" value="/Users/giovannitroia/Library/Java/JavaVirtualMachines/temurin-11.0.15/Contents/Home"/>
    <property name="file.separator" value="/"/>
    <property name="basedir" value="/Users/giovannitroia/Workspace/nar/rocksdb-manager/nifi-rocksdb-manager-processors"/>
    <property name="java.vm.compressedOopsMode" value="Zero based"/>
    <property name="line.separator" value="&#10;"/>
    <property name="java.specification.name" value="Java Platform API Specification"/>
    <property name="java.vm.specification.vendor" value="Oracle Corporation"/>
    <property name="java.awt.graphicsenv" value="sun.awt.CGraphicsEnvironment"/>
    <property name="java.awt.headless" value="true"/>
    <property name="surefire.real.class.path" value="/Users/giovannitroia/Workspace/nar/rocksdb-manager/nifi-rocksdb-manager-processors/target/surefire/surefirebooter-20231207102057727_3.jar"/>
    <property name="sun.management.compiler" value="HotSpot 64-Bit Tiered Compilers"/>
    <property name="ftp.nonProxyHosts" value="local|*.local|169.254/16|*.169.254/16"/>
    <property name="java.runtime.version" value="11.0.15+10"/>
    <property name="user.name" value="giovannitroia"/>
    <property name="path.separator" value=":"/>
    <property name="os.version" value="14.0"/>
    <property name="java.runtime.name" value="OpenJDK Runtime Environment"/>
    <property name="file.encoding" value="UTF-8"/>
    <property name="java.vm.name" value="OpenJDK 64-Bit Server VM"/>
    <property name="java.vendor.version" value="Temurin-11.0.15+10"/>
    <property name="localRepository" value="/Users/giovannitroia/.m2/repository"/>
    <property name="java.vendor.url.bug" value="https://github.com/adoptium/adoptium-support/issues"/>
    <property name="java.io.tmpdir" value="/var/folders/n5/32dh3d8d6kxfrzvhnfd9nnw80000gn/T/"/>
    <property name="idea.version" value="2023.2.5"/>
    <property name="java.version" value="11.0.15"/>
    <property name="user.dir" value="/Users/giovannitroia/Workspace/nar/rocksdb-manager/nifi-rocksdb-manager-processors"/>
    <property name="os.arch" value="x86_64"/>
    <property name="java.vm.specification.name" value="Java Virtual Machine Specification"/>
    <property name="java.awt.printerjob" value="sun.lwawt.macosx.CPrinterJob"/>
    <property name="sun.os.patch.level" value="unknown"/>
    <property name="java.library.path" value="/Users/giovannitroia/Library/Java/Extensions:/Library/Java/Extensions:/Network/Library/Java/Extensions:/System/Library/Java/Extensions:/usr/lib/java:."/>
    <property name="java.vm.info" value="mixed mode"/>
    <property name="java.vendor" value="Eclipse Adoptium"/>
    <property name="java.vm.version" value="11.0.15+10"/>
    <property name="sun.io.unicode.encoding" value="UnicodeBig"/>
    <property name="java.class.version" value="55.0"/>
    <property name="socksNonProxyHosts" value="local|*.local|169.254/16|*.169.254/16"/>
  </properties>
  <testcase name="testWriter" classname="it.org.nifi.rocksdbmanager.processors.ProcessorsAndServiceTest" time="0.292"/>
  <testcase name="testReader" classname="it.org.nifi.rocksdbmanager.processors.ProcessorsAndServiceTest" time="0.025"/>
</testsuite>