<?xml version="1.0" encoding="UTF-8"?>
<testsuite xmlns:xsi="http://www.w3.org/2001/XMLSchema-instance" xsi:noNamespaceSchemaLocation="https://maven.apache.org/surefire/maven-surefire-plugin/xsd/surefire-test-report-3.0.xsd" version="3.0" name="it.org.nifi.rocksdbmanager.processors.ProcessorsAndServiceTest" time="1.831" tests="3" errors="0" skipped="0" failures="0">
  <properties>
    <property name="gopherProxySet" value="false"/>
    <property name="awt.toolkit" value="sun.lwawt.macosx.LWCToolkit"/>
    <property name="java.specification.version" value="11"/>
    <property name="sun.cpu.isalist" value=""/>
    <property name="sun.jnu.encoding" value="UTF-8"/>
    <property name="java.class.path" value="/Users/giovannitroia/Workspace/nar/rocksdb-manager/nifi-rocksdb-manager-processors/target/test-classes:/Users/giovannitroia/Workspace/nar/rocksdb-manager/nifi-rocksdb-manager-processors/target/classes:/Users/giovannitroia/.m2/repository/org/apache/nifi/nifi-mock/1.23.2/nifi-mock-1.23.2.jar:/Users/giovannitroia/.m2/repository/org/apache/nifi/nifi-framework-api/1.23.2/nifi-framework-api-1.23.2.jar:/Users/giovannitroia/.m2/repository/org/apache/nifi/nifi-parameter/1.23.2/nifi-parameter-1.23.2.jar:/Users/giovannitroia/.m2/repository/org/apache/nifi/nifi-framework-core-api/1.23.2/nifi-framework-core-api-1.23.2.jar:/Users/giovannitroia/.m2/repository/org/apache/nifi/nifi-framework-nar-utils/1.23.2/nifi-framework-nar-utils-1.23.2.jar:/Users/giovannitroia/.m2/repository/org/apache/nifi/nifi-runtime-manifest-core/1.23.2/nifi-runtime-manifest-core-1.23.2.jar:/Users/giovannitroia/.m2/repository/org/apache/nifi/nifi-extension-manifest-model/1.23.2/nifi-extension-manifest-model-1.23.2.jar:/Users/giovannitroia/.m2/repository/org/apache/nifi/nifi-extension-manifest-parser/1.23.2/nifi-extension-manifest-parser-1.23.2.jar:/Users/giovannitroia/.m2/repository/org/apache/nifi/nifi-client-dto/1.23.2/nifi-client-dto-1.23.2.jar:/Users/giovannitroia/.m2/repository/io/swagger/swagger-annotations/1.6.11/swagger-annotations-1.6.11.jar:/Users/giovannitroia/.m2/repository/org/apache/nifi/c2-protocol-component-api/1.23.2/c2-protocol-component-api-1.23.2.jar:/Users/giovannitroia/.m2/repository/org/apache/nifi/nifi-site-to-site-client/1.23.2/nifi-site-to-site-client-1.23.2.jar:/Users/giovannitroia/.m2/repository/org/apache/nifi/nifi-security-ssl/1.23.2/nifi-security-ssl-1.23.2.jar:/Users/giovannitroia/.m2/repository/org/apache/httpcomponents/client5/httpclient5/5.0-beta4/httpclient5-5.0-beta4.jar:/Users/giovannitroia/.m2/repository/org/apache/httpcomponents/core5/httpcore5-h2/5.0-beta7/httpcore5-h2-5.0-beta7.jar:/Users/giovannitroia/.m2/repository/org/apache/httpcomponents/httpasyncclient/4.1.5/httpasyncclient-4.1.5.jar:/Users/giovannitroia/.m2/repository/org/apache/httpcomponents/httpcore-nio/4.4.15/httpcore-nio-4.4.15.jar:/Users/giovannitroia/.m2/repository/org/apache/nifi/nifi-framework-authorization/1.23.2/nifi-framework-authorization-1.23.2.jar:/Users/giovannitroia/.m2/repository/org/apache/nifi/nifi-expression-language/1.23.2/nifi-expression-language-1.23.2.jar:/Users/giovannitroia/.m2/repository/org/antlr/antlr-runtime/3.5.3/antlr-runtime-3.5.3.jar:/Users/giovannitroia/.m2/repository/org/apache/nifi/nifi-uuid5/1.23.2/nifi-uuid5-1.23.2.jar:/Users/giovannitroia/.m2/repository/org/apache/commons/commons-text/1.10.0/commons-text-1.10.0.jar:/Users/giovannitroia/.m2/repository/org/apache/nifi/nifi-data-provenance-utils/1.23.2/nifi-data-provenance-utils-1.23.2.jar:/Users/giovannitroia/.m2/repository/org/junit/jupiter/junit-jupiter-api/5.10.0/junit-jupiter-api-5.10.0.jar:/Users/giovannitroia/.m2/repository/org/opentest4j/opentest4j/1.3.0/opentest4j-1.3.0.jar:/Users/giovannitroia/.m2/repository/org/junit/platform/junit-platform-commons/1.10.0/junit-platform-commons-1.10.0.jar:/Users/giovannitroia/.m2/repository/org/apiguardian/apiguardian-api/1.1.2/apiguardian-api-1.1.2.jar:/Users/giovannitroia/.m2/repository/org/junit/jupiter/junit-jupiter-engine/5.10.0/junit-jupiter-engine-5.10.0.jar:/Users/giovannitroia/.m2/repository/org/junit/platform/junit-platform-engine/1.10.0/junit-platform-engine-1.10.0.jar:/Users/giovannitroia/.m2/repository/org/rocksdb/rocksdbjni/8.8.1/rocksdbjni-8.8.1.jar:/Users/giovannitroia/.m2/repository/org/springframework/spring-context/5.3.29/spring-context-5.3.29.jar:/Users/giovannitroia/.m2/repository/org/springframework/spring-aop/5.3.29/spring-aop-5.3.29.jar:/Users/giovannitroia/.m2/repository/org/springframework/spring-beans/5.3.29/spring-beans-5.3.29.jar:/Users/giovannitroia/.m2/repository/org/springframework/spring-core/5.3.29/spring-core-5.3.29.jar:/Users/giovannitroia/.m2/repository/org/springframework/spring-jcl/5.3.29/spring-jcl-5.3.29.jar:/Users/giovannitroia/.m2/repository/org/springframework/spring-expression/5.3.29/spring-expression-5.3.29.jar:/Users/giovannitroia/.m2/repository/org/apache/nifi/nifi-standard-processors/1.23.2/nifi-standard-processors-1.23.2.jar:/Users/giovannitroia/.m2/repository/org/apache/ftpserver/ftpserver-core/1.2.0/ftpserver-core-1.2.0.jar:/Users/giovannitroia/.m2/repository/org/apache/ftpserver/ftplet-api/1.2.0/ftplet-api-1.2.0.jar:/Users/giovannitroia/.m2/repository/org/apache/mina/mina-core/2.1.6/mina-core-2.1.6.jar:/Users/giovannitroia/.m2/repository/org/apache/nifi/nifi-deprecation-log/1.23.2/nifi-deprecation-log-1.23.2.jar:/Users/giovannitroia/.m2/repository/org/apache/nifi/nifi-put-pattern/1.23.2/nifi-put-pattern-1.23.2.jar:/Users/giovannitroia/.m2/repository/org/apache/nifi/nifi-bin-manager/1.23.2/nifi-bin-manager-1.23.2.jar:/Users/giovannitroia/.m2/repository/org/apache/nifi/nifi-listed-entity/1.23.2/nifi-listed-entity-1.23.2.jar:/Users/giovannitroia/.m2/repository/org/apache/nifi/nifi-event-put/1.23.2/nifi-event-put-1.23.2.jar:/Users/giovannitroia/.m2/repository/org/apache/nifi/nifi-event-listen/1.23.2/nifi-event-listen-1.23.2.jar:/Users/giovannitroia/.m2/repository/org/apache/nifi/nifi-security-socket-ssl/1.23.2/nifi-security-socket-ssl-1.23.2.jar:/Users/giovannitroia/.m2/repository/org/apache/nifi/nifi-event-transport/1.23.2/nifi-event-transport-1.23.2.jar:/Users/giovannitroia/.m2/repository/io/netty/netty-handler/4.1.96.Final/netty-handler-4.1.96.Final.jar:/Users/giovannitroia/.m2/repository/io/netty/netty-common/4.1.96.Final/netty-common-4.1.96.Final.jar:/Users/giovannitroia/.m2/repository/io/netty/netty-resolver/4.1.96.Final/netty-resolver-4.1.96.Final.jar:/Users/giovannitroia/.m2/repository/io/netty/netty-buffer/4.1.96.Final/netty-buffer-4.1.96.Final.jar:/Users/giovannitroia/.m2/repository/io/netty/netty-transport/4.1.96.Final/netty-transport-4.1.96.Final.jar:/Users/giovannitroia/.m2/repository/io/netty/netty-transport-native-unix-common/4.1.96.Final/netty-transport-native-unix-common-4.1.96.Final.jar:/Users/giovannitroia/.m2/repository/io/netty/netty-codec/4.1.96.Final/netty-codec-4.1.96.Final.jar:/Users/giovannitroia/.m2/repository/org/apache/nifi/nifi-syslog-utils/1.23.2/nifi-syslog-utils-1.23.2.jar:/Users/giovannitroia/.m2/repository/com/github/palindromicity/simple-syslog-5424/0.0.16/simple-syslog-5424-0.0.16.jar:/Users/giovannitroia/.m2/repository/org/antlr/antlr4-runtime/4.7.2/antlr4-runtime-4.7.2.jar:/Users/giovannitroia/.m2/repository/org/apache/nifi/nifi-record-path/1.23.2/nifi-record-path-1.23.2.jar:/Users/giovannitroia/.m2/repository/org/apache/nifi/nifi-record/1.23.2/nifi-record-1.23.2.jar:/Users/giovannitroia/.m2/repository/org/apache/nifi/nifi-properties/1.23.2/nifi-properties-1.23.2.jar:/Users/giovannitroia/.m2/repository/org/apache/nifi/nifi-property-utils/1.23.2/nifi-property-utils-1.23.2.jar:/Users/giovannitroia/.m2/repository/com/github/ben-manes/caffeine/caffeine/2.9.3/caffeine-2.9.3.jar:/Users/giovannitroia/.m2/repository/org/apache/nifi/nifi-flowfile-packager/1.23.2/nifi-flowfile-packager-1.23.2.jar:/Users/giovannitroia/.m2/repository/org/apache/nifi/nifi-jetty-configuration/1.23.2/nifi-jetty-configuration-1.23.2.jar:/Users/giovannitroia/.m2/repository/org/apache/nifi/nifi-proxy-configuration-api/1.23.2/nifi-proxy-configuration-api-1.23.2.jar:/Users/giovannitroia/.m2/repository/commons-io/commons-io/2.13.0/commons-io-2.13.0.jar:/Users/giovannitroia/.m2/repository/javax/ws/rs/javax.ws.rs-api/2.1.1/javax.ws.rs-api-2.1.1.jar:/Users/giovannitroia/.m2/repository/commons-net/commons-net/3.9.0/commons-net-3.9.0.jar:/Users/giovannitroia/.m2/repository/org/apache/commons/commons-compress/1.23.0/commons-compress-1.23.0.jar:/Users/giovannitroia/.m2/repository/org/apache/commons/commons-lang3/3.13.0/commons-lang3-3.13.0.jar:/Users/giovannitroia/.m2/repository/org/bouncycastle/bcprov-jdk18on/1.76/bcprov-jdk18on-1.76.jar:/Users/giovannitroia/.m2/repository/org/bouncycastle/bcpg-jdk18on/1.76/bcpg-jdk18on-1.76.jar:/Users/giovannitroia/.m2/repository/org/bouncycastle/bcpkix-jdk18on/1.76/bcpkix-jdk18on-1.76.jar:/Users/giovannitroia/.m2/repository/org/bouncycastle/bcutil-jdk18on/1.76/bcutil-jdk18on-1.76.jar:/Users/giovannitroia/.m2/repository/commons-codec/commons-codec/1.16.0/commons-codec-1.16.0.jar:/Users/giovannitroia/.m2/repository/org/apache/nifi/nifi-security-utils/1.23.2/nifi-security-utils-1.23.2.jar:/Users/giovannitroia/.m2/repository/org/apache/nifi/nifi-security-utils-api/1.23.2/nifi-security-utils-api-1.23.2.jar:/Users/giovannitroia/.m2/repository/org/apache/nifi/nifi-xml-processing/1.23.2/nifi-xml-processing-1.23.2.jar:/Users/giovannitroia/.m2/repository/com/hierynomus/sshj/0.35.0/sshj-0.35.0.jar:/Users/giovannitroia/.m2/repository/com/jcraft/jzlib/1.1.3/jzlib-1.1.3.jar:/Users/giovannitroia/.m2/repository/com/hierynomus/asn-one/0.6.0/asn-one-0.6.0.jar:/Users/giovannitroia/.m2/repository/net/i2p/crypto/eddsa/0.3.0/eddsa-0.3.0.jar:/Users/giovannitroia/.m2/repository/com/exceptionfactory/socketbroker/socketbroker/1.0.2/socketbroker-1.0.2.jar:/Users/giovannitroia/.m2/repository/org/apache/httpcomponents/httpclient/4.5.14/httpclient-4.5.14.jar:/Users/giovannitroia/.m2/repository/org/apache/httpcomponents/httpcore/4.4.16/httpcore-4.4.16.jar:/Users/giovannitroia/.m2/repository/jakarta/activation/jakarta.activation-api/2.0.1/jakarta.activation-api-2.0.1.jar:/Users/giovannitroia/.m2/repository/com/sun/activation/jakarta.activation/2.0.1/jakarta.activation-2.0.1.jar:/Users/giovannitroia/.m2/repository/jakarta/mail/jakarta.mail-api/2.0.1/jakarta.mail-api-2.0.1.jar:/Users/giovannitroia/.m2/repository/com/sun/mail/jakarta.mail/2.0.1/jakarta.mail-2.0.1.jar:/Users/giovannitroia/.m2/repository/com/github/jponge/lzma-java/1.3/lzma-java-1.3.jar:/Users/giovannitroia/.m2/repository/com/github/luben/zstd-jni/1.5.5-5/zstd-jni-1.5.5-5.jar:/Users/giovannitroia/.m2/repository/com/aayushatharva/brotli4j/brotli4j/1.12.0/brotli4j-1.12.0.jar:/Users/giovannitroia/.m2/repository/com/aayushatharva/brotli4j/service/1.12.0/service-1.12.0.jar:/Users/giovannitroia/.m2/repository/com/aayushatharva/brotli4j/native-osx-x86_64/1.12.0/native-osx-x86_64-1.12.0.jar:/Users/giovannitroia/.m2/repository/org/tukaani/xz/1.9/xz-1.9.jar:/Users/giovannitroia/.m2/repository/net/sf/saxon/Saxon-HE/12.3/Saxon-HE-12.3.jar:/Users/giovannitroia/.m2/repository/org/xmlresolver/xmlresolver/5.2.0/xmlresolver-5.2.0.jar:/Users/giovannitroia/.m2/repository/org/apache/httpcomponents/core5/httpcore5/5.1.3/httpcore5-5.1.3.jar:/Users/giovannitroia/.m2/repository/org/xmlresolver/xmlresolver/5.2.0/xmlresolver-5.2.0-data.jar:/Users/giovannitroia/.m2/repository/org/apache/nifi/nifi-socket-utils/1.23.2/nifi-socket-utils-1.23.2.jar:/Users/giovannitroia/.m2/repository/org/apache/nifi/nifi-logging-utils/1.23.2/nifi-logging-utils-1.23.2.jar:/Users/giovannitroia/.m2/repository/javax/jms/javax.jms-api/2.0.1/javax.jms-api-2.0.1.jar:/Users/giovannitroia/.m2/repository/org/apache/activemq/activemq-client/5.15.15/activemq-client-5.15.15.jar:/Users/giovannitroia/.m2/repository/org/apache/geronimo/specs/geronimo-jms_1.1_spec/1.1.1/geronimo-jms_1.1_spec-1.1.1.jar:/Users/giovannitroia/.m2/repository/org/fusesource/hawtbuf/hawtbuf/1.11/hawtbuf-1.11.jar:/Users/giovannitroia/.m2/repository/org/apache/geronimo/specs/geronimo-j2ee-management_1.1_spec/1.0.1/geronimo-j2ee-management_1.1_spec-1.0.1.jar:/Users/giovannitroia/.m2/repository/com/jayway/jsonpath/json-path/2.8.0/json-path-2.8.0.jar:/Users/giovannitroia/.m2/repository/net/minidev/json-smart/2.4.11/json-smart-2.4.11.jar:/Users/giovannitroia/.m2/repository/net/minidev/accessors-smart/2.4.11/accessors-smart-2.4.11.jar:/Users/giovannitroia/.m2/repository/org/ow2/asm/asm/9.3/asm-9.3.jar:/Users/giovannitroia/.m2/repository/org/apache/tika/tika-core/2.8.0/tika-core-2.8.0.jar:/Users/giovannitroia/.m2/repository/com/fasterxml/jackson/core/jackson-databind/2.15.2/jackson-databind-2.15.2.jar:/Users/giovannitroia/.m2/repository/com/fasterxml/jackson/core/jackson-annotations/2.15.2/jackson-annotations-2.15.2.jar:/Users/giovannitroia/.m2/repository/com/fasterxml/jackson/core/jackson-core/2.15.2/jackson-core-2.15.2.jar:/Users/giovannitroia/.m2/repository/org/apache/nifi/nifi-avro-record-utils/1.23.2/nifi-avro-record-utils-1.23.2.jar:/Users/giovannitroia/.m2/repository/org/apache/nifi/nifi-standard-record-utils/1.23.2/nifi-standard-record-utils-1.23.2.jar:/Users/giovannitroia/.m2/repository/org/apache/commons/commons-csv/1.10.0/commons-csv-1.10.0.jar:/Users/giovannitroia/.m2/repository/org/apache/avro/avro/1.11.2/avro-1.11.2.jar:/Users/giovannitroia/.m2/repository/com/squareup/okhttp3/okhttp/4.11.0/okhttp-4.11.0.jar:/Users/giovannitroia/.m2/repository/com/squareup/okio/okio/3.4.0/okio-3.4.0.jar:/Users/giovannitroia/.m2/repository/com/squareup/okio/okio-jvm/3.4.0/okio-jvm-3.4.0.jar:/Users/giovannitroia/.m2/repository/org/jetbrains/kotlin/kotlin-stdlib/1.8.20/kotlin-stdlib-1.8.20.jar:/Users/giovannitroia/.m2/repository/org/jetbrains/kotlin/kotlin-stdlib-common/1.8.20/kotlin-stdlib-common-1.8.20.jar:/Users/giovannitroia/.m2/repository/org/jetbrains/annotations/13.0/annotations-13.0.jar:/Users/giovannitroia/.m2/repository/org/jetbrains/kotlin/kotlin-stdlib-jdk8/1.8.20/kotlin-stdlib-jdk8-1.8.20.jar:/Users/giovannitroia/.m2/repository/org/jetbrains/kotlin/kotlin-stdlib-jdk7/1.8.20/kotlin-stdlib-jdk7-1.8.20.jar:/Users/giovannitroia/.m2/repository/com/squareup/okhttp3/okhttp-urlconnection/4.11.0/okhttp-urlconnection-4.11.0.jar:/Users/giovannitroia/.m2/repository/io/github/rburgst/okhttp-digest/2.7/okhttp-digest-2.7.jar:/Users/giovannitroia/.m2/repository/at/favre/lib/bcrypt/0.10.2/bcrypt-0.10.2.jar:/Users/giovannitroia/.m2/repository/at/favre/lib/bytes/1.5.0/bytes-1.5.0.jar:/Users/giovannitroia/.m2/repository/com/github/javafaker/javafaker/1.0.2/javafaker-1.0.2.jar:/Users/giovannitroia/.m2/repository/com/github/mifmif/generex/1.0.2/generex-1.0.2.jar:/Users/giovannitroia/.m2/repository/dk/brics/automaton/automaton/1.11-8/automaton-1.11-8.jar:/Users/giovannitroia/.m2/repository/org/yaml/snakeyaml/2.1/snakeyaml-2.1.jar:/Users/giovannitroia/.m2/repository/org/xerial/snappy/snappy-java/1.1.10.3/snappy-java-1.1.10.3.jar:/Users/giovannitroia/.m2/repository/net/lingala/zip4j/zip4j/2.11.5/zip4j-2.11.5.jar:/Users/giovannitroia/.m2/repository/com/bazaarvoice/jolt/jolt-core/0.1.8/jolt-core-0.1.8.jar:/Users/giovannitroia/.m2/repository/javax/inject/javax.inject/1/javax.inject-1.jar:/Users/giovannitroia/.m2/repository/com/bazaarvoice/jolt/json-utils/0.1.8/json-utils-0.1.8.jar:/Users/giovannitroia/.m2/repository/org/apache/nifi/nifi-standard-utils/1.23.2/nifi-standard-utils-1.23.2.jar:/Users/giovannitroia/.m2/repository/net/sf/supercsv/super-csv/2.4.0/super-csv-2.4.0.jar:/Users/giovannitroia/.m2/repository/com/fluenda/parcefone/2.1.0/parcefone-2.1.0.jar:/Users/giovannitroia/.m2/repository/javax/validation/validation-api/1.1.0.Final/validation-api-1.1.0.Final.jar:/Users/giovannitroia/.m2/repository/javax/el/javax.el-api/3.0.0/javax.el-api-3.0.0.jar:/Users/giovannitroia/.m2/repository/com/github/wnameless/json/json-flattener/0.16.4/json-flattener-0.16.4.jar:/Users/giovannitroia/.m2/repository/com/github/wnameless/json/json-base/2.4.0/json-base-2.4.0.jar:/Users/giovannitroia/.m2/repository/com/networknt/json-schema-validator/1.0.86/json-schema-validator-1.0.86.jar:/Users/giovannitroia/.m2/repository/com/ethlo/time/itu/1.7.0/itu-1.7.0.jar:/Users/giovannitroia/.m2/repository/com/fasterxml/jackson/dataformat/jackson-dataformat-yaml/2.15.2/jackson-dataformat-yaml-2.15.2.jar:/Users/giovannitroia/.m2/repository/org/apache/bval/bval-jsr/1.1.2/bval-jsr-1.1.2.jar:/Users/giovannitroia/.m2/repository/org/apache/bval/bval-core/1.1.2/bval-core-1.1.2.jar:/Users/giovannitroia/.m2/repository/io/krakens/java-grok/0.1.9/java-grok-0.1.9.jar:/Users/giovannitroia/.m2/repository/org/apache/calcite/calcite-core/1.35.0/calcite-core-1.35.0.jar:/Users/giovannitroia/.m2/repository/org/apache/calcite/calcite-linq4j/1.35.0/calcite-linq4j-1.35.0.jar:/Users/giovannitroia/.m2/repository/org/locationtech/jts/jts-core/1.19.0/jts-core-1.19.0.jar:/Users/giovannitroia/.m2/repository/org/locationtech/jts/io/jts-io-common/1.19.0/jts-io-common-1.19.0.jar:/Users/giovannitroia/.m2/repository/com/googlecode/json-simple/json-simple/1.1.1/json-simple-1.1.1.jar:/Users/giovannitroia/.m2/repository/org/locationtech/proj4j/proj4j/1.2.2/proj4j-1.2.2.jar:/Users/giovannitroia/.m2/repository/com/google/errorprone/error_prone_annotations/2.5.1/error_prone_annotations-2.5.1.jar:/Users/giovannitroia/.m2/repository/com/google/guava/guava/19.0/guava-19.0.jar:/Users/giovannitroia/.m2/repository/org/apache/calcite/avatica/avatica-core/1.23.0/avatica-core-1.23.0.jar:/Users/giovannitroia/.m2/repository/org/apache/calcite/avatica/avatica-metrics/1.23.0/avatica-metrics-1.23.0.jar:/Users/giovannitroia/.m2/repository/com/google/protobuf/protobuf-java/3.21.9/protobuf-java-3.21.9.jar:/Users/giovannitroia/.m2/repository/org/checkerframework/checker-qual/3.10.0/checker-qual-3.10.0.jar:/Users/giovannitroia/.m2/repository/com/google/uzaygezen/uzaygezen-core/0.2/uzaygezen-core-0.2.jar:/Users/giovannitroia/.m2/repository/com/yahoo/datasketches/sketches-core/0.9.0/sketches-core-0.9.0.jar:/Users/giovannitroia/.m2/repository/com/yahoo/datasketches/memory/0.9.0/memory-0.9.0.jar:/Users/giovannitroia/.m2/repository/net/hydromatic/aggdesigner-algorithm/6.0/aggdesigner-algorithm-6.0.jar:/Users/giovannitroia/.m2/repository/commons-lang/commons-lang/2.4/commons-lang-2.4.jar:/Users/giovannitroia/.m2/repository/org/apache/commons/commons-dbcp2/2.9.0/commons-dbcp2-2.9.0.jar:/Users/giovannitroia/.m2/repository/org/apache/commons/commons-pool2/2.10.0/commons-pool2-2.10.0.jar:/Users/giovannitroia/.m2/repository/org/apache/commons/commons-math3/3.6.1/commons-math3-3.6.1.jar:/Users/giovannitroia/.m2/repository/org/codehaus/janino/commons-compiler/3.1.9/commons-compiler-3.1.9.jar:/Users/giovannitroia/.m2/repository/org/codehaus/janino/janino/3.1.9/janino-3.1.9.jar:/Users/giovannitroia/.m2/repository/org/apache/nifi/nifi-database-utils/1.23.2/nifi-database-utils-1.23.2.jar:/Users/giovannitroia/.m2/repository/jakarta/xml/bind/jakarta.xml.bind-api/2.3.3/jakarta.xml.bind-api-2.3.3.jar:/Users/giovannitroia/.m2/repository/org/glassfish/jaxb/jaxb-runtime/2.3.5/jaxb-runtime-2.3.5.jar:/Users/giovannitroia/.m2/repository/org/glassfish/jaxb/txw2/2.3.5/txw2-2.3.5.jar:/Users/giovannitroia/.m2/repository/com/sun/istack/istack-commons-runtime/3.0.12/istack-commons-runtime-3.0.12.jar:/Users/giovannitroia/.m2/repository/org/apache/nifi/nifi-api/1.23.2/nifi-api-1.23.2.jar:/Users/giovannitroia/.m2/repository/org/apache/nifi/nifi-distributed-cache-client-service-api/1.23.2/nifi-distributed-cache-client-service-api-1.23.2.jar:/Users/giovannitroia/.m2/repository/org/apache/nifi/nifi-utils/1.23.2/nifi-utils-1.23.2.jar:/Users/giovannitroia/.m2/repository/org/junit/jupiter/junit-jupiter-params/5.10.0/junit-jupiter-params-5.10.0.jar:/Users/giovannitroia/.m2/repository/org/mockito/mockito-core/4.11.0/mockito-core-4.11.0.jar:/Users/giovannitroia/.m2/repository/net/bytebuddy/byte-buddy/1.12.19/byte-buddy-1.12.19.jar:/Users/giovannitroia/.m2/repository/net/bytebuddy/byte-buddy-agent/1.12.19/byte-buddy-agent-1.12.19.jar:/Users/giovannitroia/.m2/repository/org/objenesis/objenesis/3.3/objenesis-3.3.jar:/Users/giovannitroia/.m2/repository/org/mockito/mockito-junit-jupiter/4.11.0/mockito-junit-jupiter-4.11.0.jar:/Users/giovannitroia/.m2/repository/org/hamcrest/hamcrest-all/1.3/hamcrest-all-1.3.jar:/Users/giovannitroia/.m2/repository/org/slf4j/slf4j-simple/2.0.7/slf4j-simple-2.0.7.jar:/Users/giovannitroia/.m2/repository/org/slf4j/slf4j-api/2.0.7/slf4j-api-2.0.7.jar:"/>
    <property name="java.vm.vendor" value="Eclipse Adoptium"/>
    <property name="sun.arch.data.model" value="64"/>
    <property name="java.vendor.url" value="https://adoptium.net/"/>
    <property name="user.timezone" value=""/>
    <property name="java.vm.specification.version" value="11"/>
    <property name="os.name" value="Mac OS X"/>
    <property name="sun.java.launcher" value="SUN_STANDARD"/>
    <property name="user.country" value="IT"/>
    <property name="sun.boot.library.path" value="/Users/giovannitroia/Library/Java/JavaVirtualMachines/temurin-11.0.15/Contents/Home/lib"/>
    <property name="sun.java.command" value="/Users/giovannitroia/Workspace/nar/rocksdb-manager/nifi-rocksdb-manager-processors/target/surefire/surefirebooter-20231209121810247_3.jar /Users/giovannitroia/Workspace/nar/rocksdb-manager/nifi-rocksdb-manager-processors/target/surefire 2023-12-09T12-18-10_091-jvmRun1 surefire-20231209121810247_1tmp surefire_0-20231209121810247_2tmp"/>
    <property name="http.nonProxyHosts" value="local|*.local|169.254/16|*.169.254/16"/>
    <property name="jdk.debug" value="release"/>
    <property name="surefire.test.class.path" value="/Users/giovannitroia/Workspace/nar/rocksdb-manager/nifi-rocksdb-manager-processors/target/test-classes:/Users/giovannitroia/Workspace/nar/rocksdb-manager/nifi-rocksdb-manager-processors/target/classes:/Users/giovannitroia/.m2/repository/org/apache/nifi/nifi-mock/1.23.2/nifi-mock-1.23.2.jar:/Users/giovannitroia/.m2/repository/org/apache/nifi/nifi-framework-api/1.23.2/nifi-framework-api-1.23.2.jar:/Users/giovannitroia/.m2/repository/org/apache/nifi/nifi-parameter/1.23.2/nifi-parameter-1.23.2.jar:/Users/giovannitroia/.m2/repository/org/apache/nifi/nifi-framework-core-api/1.23.2/nifi-framework-core-api-1.23.2.jar:/Users/giovannitroia/.m2/repository/org/apache/nifi/nifi-framework-nar-utils/1.23.2/nifi-framework-nar-utils-1.23.2.jar:/Users/giovannitroia/.m2/repository/org/apache/nifi/nifi-runtime-manifest-core/1.23.2/nifi-runtime-manifest-core-1.23.2.jar:/Users/giovannitroia/.m2/repository/org/apache/nifi/nifi-extension-manifest-model/1.23.2/nifi-extension-manifest-model-1.23.2.jar:/Users/giovannitroia/.m2/repository/org/apache/nifi/nifi-extension-manifest-parser/1.23.2/nifi-extension-manifest-parser-1.23.2.jar:/Users/giovannitroia/.m2/repository/org/apache/nifi/nifi-client-dto/1.23.2/nifi-client-dto-1.23.2.jar:/Users/giovannitroia/.m2/repository/io/swagger/swagger-annotations/1.6.11/swagger-annotations-1.6.11.jar:/Users/giovannitroia/.m2/repository/org/apache/nifi/c2-protocol-component-api/1.23.2/c2-protocol-component-api-1.23.2.jar:/Users/giovannitroia/.m2/repository/org/apache/nifi/nifi-site-to-site-client/1.23.2/nifi-site-to-site-client-1.23.2.jar:/Users/giovannitroia/.m2/repository/org/apache/nifi/nifi-security-ssl/1.23.2/nifi-security-ssl-1.23.2.jar:/Users/giovannitroia/.m2/repository/org/apache/httpcomponents/client5/httpclient5/5.0-beta4/httpclient5-5.0-beta4.jar:/Users/giovannitroia/.m2/repository/org/apache/httpcomponents/core5/httpcore5-h2/5.0-beta7/httpcore5-h2-5.0-beta7.jar:/Users/giovannitroia/.m2/repository/org/apache/httpcomponents/httpasyncclient/4.1.5/httpasyncclient-4.1.5.jar:/Users/giovannitroia/.m2/repository/org/apache/httpcomponents/httpcore-nio/4.4.15/httpcore-nio-4.4.15.jar:/Users/giovannitroia/.m2/repository/org/apache/nifi/nifi-framework-authorization/1.23.2/nifi-framework-authorization-1.23.2.jar:/Users/giovannitroia/.m2/repository/org/apache/nifi/nifi-expression-language/1.23.2/nifi-expression-language-1.23.2.jar:/Users/giovannitroia/.m2/repository/org/antlr/antlr-runtime/3.5.3/antlr-runtime-3.5.3.jar:/Users/giovannitroia/.m2/repository/org/apache/nifi/nifi-uuid5/1.23.2/nifi-uuid5-1.23.2.jar:/Users/giovannitroia/.m2/repository/org/apache/commons/commons-text/1.10.0/commons-text-1.10.0.jar:/Users/giovannitroia/.m2/repository/org/apache/nifi/nifi-data-provenance-utils/1.23.2/nifi-data-provenance-utils-1.23.2.jar:/Users/giovannitroia/.m2/repository/org/junit/jupiter/junit-jupiter-api/5.10.0/junit-jupiter-api-5.10.0.jar:/Users/giovannitroia/.m2/repository/org/opentest4j/opentest4j/1.3.0/opentest4j-1.3.0.jar:/Users/giovannitroia/.m2/repository/org/junit/platform/junit-platform-commons/1.10.0/junit-platform-commons-1.10.0.jar:/Users/giovannitroia/.m2/repository/org/apiguardian/apiguardian-api/1.1.2/apiguardian-api-1.1.2.jar:/Users/giovannitroia/.m2/repository/org/junit/jupiter/junit-jupiter-engine/5.10.0/junit-jupiter-engine-5.10.0.jar:/Users/giovannitroia/.m2/repository/org/junit/platform/junit-platform-engine/1.10.0/junit-platform-engine-1.10.0.jar:/Users/giovannitroia/.m2/repository/org/rocksdb/rocksdbjni/8.8.1/rocksdbjni-8.8.1.jar:/Users/giovannitroia/.m2/repository/org/springframework/spring-context/5.3.29/spring-context-5.3.29.jar:/Users/giovannitroia/.m2/repository/org/springframework/spring-aop/5.3.29/spring-aop-5.3.29.jar:/Users/giovannitroia/.m2/repository/org/springframework/spring-beans/5.3.29/spring-beans-5.3.29.jar:/Users/giovannitroia/.m2/repository/org/springframework/spring-core/5.3.29/spring-core-5.3.29.jar:/Users/giovannitroia/.m2/repository/org/springframework/spring-jcl/5.3.29/spring-jcl-5.3.29.jar:/Users/giovannitroia/.m2/repository/org/springframework/spring-expression/5.3.29/spring-expression-5.3.29.jar:/Users/giovannitroia/.m2/repository/org/apache/nifi/nifi-standard-processors/1.23.2/nifi-standard-processors-1.23.2.jar:/Users/giovannitroia/.m2/repository/org/apache/ftpserver/ftpserver-core/1.2.0/ftpserver-core-1.2.0.jar:/Users/giovannitroia/.m2/repository/org/apache/ftpserver/ftplet-api/1.2.0/ftplet-api-1.2.0.jar:/Users/giovannitroia/.m2/repository/org/apache/mina/mina-core/2.1.6/mina-core-2.1.6.jar:/Users/giovannitroia/.m2/repository/org/apache/nifi/nifi-deprecation-log/1.23.2/nifi-deprecation-log-1.23.2.jar:/Users/giovannitroia/.m2/repository/org/apache/nifi/nifi-put-pattern/1.23.2/nifi-put-pattern-1.23.2.jar:/Users/giovannitroia/.m2/repository/org/apache/nifi/nifi-bin-manager/1.23.2/nifi-bin-manager-1.23.2.jar:/Users/giovannitroia/.m2/repository/org/apache/nifi/nifi-listed-entity/1.23.2/nifi-listed-entity-1.23.2.jar:/Users/giovannitroia/.m2/repository/org/apache/nifi/nifi-event-put/1.23.2/nifi-event-put-1.23.2.jar:/Users/giovannitroia/.m2/repository/org/apache/nifi/nifi-event-listen/1.23.2/nifi-event-listen-1.23.2.jar:/Users/giovannitroia/.m2/repository/org/apache/nifi/nifi-security-socket-ssl/1.23.2/nifi-security-socket-ssl-1.23.2.jar:/Users/giovannitroia/.m2/repository/org/apache/nifi/nifi-event-transport/1.23.2/nifi-event-transport-1.23.2.jar:/Users/giovannitroia/.m2/repository/io/netty/netty-handler/4.1.96.Final/netty-handler-4.1.96.Final.jar:/Users/giovannitroia/.m2/repository/io/netty/netty-common/4.1.96.Final/netty-common-4.1.96.Final.jar:/Users/giovannitroia/.m2/repository/io/netty/netty-resolver/4.1.96.Final/netty-resolver-4.1.96.Final.jar:/Users/giovannitroia/.m2/repository/io/netty/netty-buffer/4.1.96.Final/netty-buffer-4.1.96.Final.jar:/Users/giovannitroia/.m2/repository/io/netty/netty-transport/4.1.96.Final/netty-transport-4.1.96.Final.jar:/Users/giovannitroia/.m2/repository/io/netty/netty-transport-native-unix-common/4.1.96.Final/netty-transport-native-unix-common-4.1.96.Final.jar:/Users/giovannitroia/.m2/repository/io/netty/netty-codec/4.1.96.Final/netty-codec-4.1.96.Final.jar:/Users/giovannitroia/.m2/repository/org/apache/nifi/nifi-syslog-utils/1.23.2/nifi-syslog-utils-1.23.2.jar:/Users/giovannitroia/.m2/repository/com/github/palindromicity/simple-syslog-5424/0.0.16/simple-syslog-5424-0.0.16.jar:/Users/giovannitroia/.m2/repository/org/antlr/antlr4-runtime/4.7.2/antlr4-runtime-4.7.2.jar:/Users/giovannitroia/.m2/repository/org/apache/nifi/nifi-record-path/1.23.2/nifi-record-path-1.23.2.jar:/Users/giovannitroia/.m2/repository/org/apache/nifi/nifi-record/1.23.2/nifi-record-1.23.2.jar:/Users/giovannitroia/.m2/repository/org/apache/nifi/nifi-properties/1.23.2/nifi-properties-1.23.2.jar:/Users/giovannitroia/.m2/repository/org/apache/nifi/nifi-property-utils/1.23.2/nifi-property-utils-1.23.2.jar:/Users/giovannitroia/.m2/repository/com/github/ben-manes/caffeine/caffeine/2.9.3/caffeine-2.9.3.jar:/Users/giovannitroia/.m2/repository/org/apache/nifi/nifi-flowfile-packager/1.23.2/nifi-flowfile-packager-1.23.2.jar:/Users/giovannitroia/.m2/repository/org/apache/nifi/nifi-jetty-configuration/1.23.2/nifi-jetty-configuration-1.23.2.jar:/Users/giovannitroia/.m2/repository/org/apache/nifi/nifi-proxy-configuration-api/1.23.2/nifi-proxy-configuration-api-1.23.2.jar:/Users/giovannitroia/.m2/repository/commons-io/commons-io/2.13.0/commons-io-2.13.0.jar:/Users/giovannitroia/.m2/repository/javax/ws/rs/javax.ws.rs-api/2.1.1/javax.ws.rs-api-2.1.1.jar:/Users/giovannitroia/.m2/repository/commons-net/commons-net/3.9.0/commons-net-3.9.0.jar:/Users/giovannitroia/.m2/repository/org/apache/commons/commons-compress/1.23.0/commons-compress-1.23.0.jar:/Users/giovannitroia/.m2/repository/org/apache/commons/commons-lang3/3.13.0/commons-lang3-3.13.0.jar:/Users/giovannitroia/.m2/repository/org/bouncycastle/bcprov-jdk18on/1.76/bcprov-jdk18on-1.76.jar:/Users/giovannitroia/.m2/repository/org/bouncycastle/bcpg-jdk18on/1.76/bcpg-jdk18on-1.76.jar:/Users/giovannitroia/.m2/repository/org/bouncycastle/bcpkix-jdk18on/1.76/bcpkix-jdk18on-1.76.jar:/Users/giovannitroia/.m2/repository/org/bouncycastle/bcutil-jdk18on/1.76/bcutil-jdk18on-1.76.jar:/Users/giovannitroia/.m2/repository/commons-codec/commons-codec/1.16.0/commons-codec-1.16.0.jar:/Users/giovannitroia/.m2/repository/org/apache/nifi/nifi-security-utils/1.23.2/nifi-security-utils-1.23.2.jar:/Users/giovannitroia/.m2/repository/org/apache/nifi/nifi-security-utils-api/1.23.2/nifi-security-utils-api-1.23.2.jar:/Users/giovannitroia/.m2/repository/org/apache/nifi/nifi-xml-processing/1.23.2/nifi-xml-processing-1.23.2.jar:/Users/giovannitroia/.m2/repository/com/hierynomus/sshj/0.35.0/sshj-0.35.0.jar:/Users/giovannitroia/.m2/repository/com/jcraft/jzlib/1.1.3/jzlib-1.1.3.jar:/Users/giovannitroia/.m2/repository/com/hierynomus/asn-one/0.6.0/asn-one-0.6.0.jar:/Users/giovannitroia/.m2/repository/net/i2p/crypto/eddsa/0.3.0/eddsa-0.3.0.jar:/Users/giovannitroia/.m2/repository/com/exceptionfactory/socketbroker/socketbroker/1.0.2/socketbroker-1.0.2.jar:/Users/giovannitroia/.m2/repository/org/apache/httpcomponents/httpclient/4.5.14/httpclient-4.5.14.jar:/Users/giovannitroia/.m2/repository/org/apache/httpcomponents/httpcore/4.4.16/httpcore-4.4.16.jar:/Users/giovannitroia/.m2/repository/jakarta/activation/jakarta.activation-api/2.0.1/jakarta.activation-api-2.0.1.jar:/Users/giovannitroia/.m2/repository/com/sun/activation/jakarta.activation/2.0.1/jakarta.activation-2.0.1.jar:/Users/giovannitroia/.m2/repository/jakarta/mail/jakarta.mail-api/2.0.1/jakarta.mail-api-2.0.1.jar:/Users/giovannitroia/.m2/repository/com/sun/mail/jakarta.mail/2.0.1/jakarta.mail-2.0.1.jar:/Users/giovannitroia/.m2/repository/com/github/jponge/lzma-java/1.3/lzma-java-1.3.jar:/Users/giovannitroia/.m2/repository/com/github/luben/zstd-jni/1.5.5-5/zstd-jni-1.5.5-5.jar:/Users/giovannitroia/.m2/repository/com/aayushatharva/brotli4j/brotli4j/1.12.0/brotli4j-1.12.0.jar:/Users/giovannitroia/.m2/repository/com/aayushatharva/brotli4j/service/1.12.0/service-1.12.0.jar:/Users/giovannitroia/.m2/repository/com/aayushatharva/brotli4j/native-osx-x86_64/1.12.0/native-osx-x86_64-1.12.0.jar:/Users/giovannitroia/.m2/repository/org/tukaani/xz/1.9/xz-1.9.jar:/Users/giovannitroia/.m2/repository/net/sf/saxon/Saxon-HE/12.3/Saxon-HE-12.3.jar:/Users/giovannitroia/.m2/repository/org/xmlresolver/xmlresolver/5.2.0/xmlresolver-5.2.0.jar:/Users/giovannitroia/.m2/repository/org/apache/httpcomponents/core5/httpcore5/5.1.3/httpcore5-5.1.3.jar:/Users/giovannitroia/.m2/repository/org/xmlresolver/xmlresolver/5.2.0/xmlresolver-5.2.0-data.jar:/Users/giovannitroia/.m2/repository/org/apache/nifi/nifi-socket-utils/1.23.2/nifi-socket-utils-1.23.2.jar:/Users/giovannitroia/.m2/repository/org/apache/nifi/nifi-logging-utils/1.23.2/nifi-logging-utils-1.23.2.jar:/Users/giovannitroia/.m2/repository/javax/jms/javax.jms-api/2.0.1/javax.jms-api-2.0.1.jar:/Users/giovannitroia/.m2/repository/org/apache/activemq/activemq-client/5.15.15/activemq-client-5.15.15.jar:/Users/giovannitroia/.m2/repository/org/apache/geronimo/specs/geronimo-jms_1.1_spec/1.1.1/geronimo-jms_1.1_spec-1.1.1.jar:/Users/giovannitroia/.m2/repository/org/fusesource/hawtbuf/hawtbuf/1.11/hawtbuf-1.11.jar:/Users/giovannitroia/.m2/repository/org/apache/geronimo/specs/geronimo-j2ee-management_1.1_spec/1.0.1/geronimo-j2ee-management_1.1_spec-1.0.1.jar:/Users/giovannitroia/.m2/repository/com/jayway/jsonpath/json-path/2.8.0/json-path-2.8.0.jar:/Users/giovannitroia/.m2/repository/net/minidev/json-smart/2.4.11/json-smart-2.4.11.jar:/Users/giovannitroia/.m2/repository/net/minidev/accessors-smart/2.4.11/accessors-smart-2.4.11.jar:/Users/giovannitroia/.m2/repository/org/ow2/asm/asm/9.3/asm-9.3.jar:/Users/giovannitroia/.m2/repository/org/apache/tika/tika-core/2.8.0/tika-core-2.8.0.jar:/Users/giovannitroia/.m2/repository/com/fasterxml/jackson/core/jackson-databind/2.15.2/jackson-databind-2.15.2.jar:/Users/giovannitroia/.m2/repository/com/fasterxml/jackson/core/jackson-annotations/2.15.2/jackson-annotations-2.15.2.jar:/Users/giovannitroia/.m2/repository/com/fasterxml/jackson/core/jackson-core/2.15.2/jackson-core-2.15.2.jar:/Users/giovannitroia/.m2/repository/org/apache/nifi/nifi-avro-record-utils/1.23.2/nifi-avro-record-utils-1.23.2.jar:/Users/giovannitroia/.m2/repository/org/apache/nifi/nifi-standard-record-utils/1.23.2/nifi-standard-record-utils-1.23.2.jar:/Users/giovannitroia/.m2/repository/org/apache/commons/commons-csv/1.10.0/commons-csv-1.10.0.jar:/Users/giovannitroia/.m2/repository/org/apache/avro/avro/1.11.2/avro-1.11.2.jar:/Users/giovannitroia/.m2/repository/com/squareup/okhttp3/okhttp/4.11.0/okhttp-4.11.0.jar:/Users/giovannitroia/.m2/repository/com/squareup/okio/okio/3.4.0/okio-3.4.0.jar:/Users/giovannitroia/.m2/repository/com/squareup/okio/okio-jvm/3.4.0/okio-jvm-3.4.0.jar:/Users/giovannitroia/.m2/repository/org/jetbrains/kotlin/kotlin-stdlib/1.8.20/kotlin-stdlib-1.8.20.jar:/Users/giovannitroia/.m2/repository/org/jetbrains/kotlin/kotlin-stdlib-common/1.8.20/kotlin-stdlib-common-1.8.20.jar:/Users/giovannitroia/.m2/repository/org/jetbrains/annotations/13.0/annotations-13.0.jar:/Users/giovannitroia/.m2/repository/org/jetbrains/kotlin/kotlin-stdlib-jdk8/1.8.20/kotlin-stdlib-jdk8-1.8.20.jar:/Users/giovannitroia/.m2/repository/org/jetbrains/kotlin/kotlin-stdlib-jdk7/1.8.20/kotlin-stdlib-jdk7-1.8.20.jar:/Users/giovannitroia/.m2/repository/com/squareup/okhttp3/okhttp-urlconnection/4.11.0/okhttp-urlconnection-4.11.0.jar:/Users/giovannitroia/.m2/repository/io/github/rburgst/okhttp-digest/2.7/okhttp-digest-2.7.jar:/Users/giovannitroia/.m2/repository/at/favre/lib/bcrypt/0.10.2/bcrypt-0.10.2.jar:/Users/giovannitroia/.m2/repository/at/favre/lib/bytes/1.5.0/bytes-1.5.0.jar:/Users/giovannitroia/.m2/repository/com/github/javafaker/javafaker/1.0.2/javafaker-1.0.2.jar:/Users/giovannitroia/.m2/repository/com/github/mifmif/generex/1.0.2/generex-1.0.2.jar:/Users/giovannitroia/.m2/repository/dk/brics/automaton/automaton/1.11-8/automaton-1.11-8.jar:/Users/giovannitroia/.m2/repository/org/yaml/snakeyaml/2.1/snakeyaml-2.1.jar:/Users/giovannitroia/.m2/repository/org/xerial/snappy/snappy-java/1.1.10.3/snappy-java-1.1.10.3.jar:/Users/giovannitroia/.m2/repository/net/lingala/zip4j/zip4j/2.11.5/zip4j-2.11.5.jar:/Users/giovannitroia/.m2/repository/com/bazaarvoice/jolt/jolt-core/0.1.8/jolt-core-0.1.8.jar:/Users/giovannitroia/.m2/repository/javax/inject/javax.inject/1/javax.inject-1.jar:/Users/giovannitroia/.m2/repository/com/bazaarvoice/jolt/json-utils/0.1.8/json-utils-0.1.8.jar:/Users/giovannitroia/.m2/repository/org/apache/nifi/nifi-standard-utils/1.23.2/nifi-standard-utils-1.23.2.jar:/Users/giovannitroia/.m2/repository/net/sf/supercsv/super-csv/2.4.0/super-csv-2.4.0.jar:/Users/giovannitroia/.m2/repository/com/fluenda/parcefone/2.1.0/parcefone-2.1.0.jar:/Users/giovannitroia/.m2/repository/javax/validation/validation-api/1.1.0.Final/validation-api-1.1.0.Final.jar:/Users/giovannitroia/.m2/repository/javax/el/javax.el-api/3.0.0/javax.el-api-3.0.0.jar:/Users/giovannitroia/.m2/repository/com/github/wnameless/json/json-flattener/0.16.4/json-flattener-0.16.4.jar:/Users/giovannitroia/.m2/repository/com/github/wnameless/json/json-base/2.4.0/json-base-2.4.0.jar:/Users/giovannitroia/.m2/repository/com/networknt/json-schema-validator/1.0.86/json-schema-validator-1.0.86.jar:/Users/giovannitroia/.m2/repository/com/ethlo/time/itu/1.7.0/itu-1.7.0.jar:/Users/giovannitroia/.m2/repository/com/fasterxml/jackson/dataformat/jackson-dataformat-yaml/2.15.2/jackson-dataformat-yaml-2.15.2.jar:/Users/giovannitroia/.m2/repository/org/apache/bval/bval-jsr/1.1.2/bval-jsr-1.1.2.jar:/Users/giovannitroia/.m2/repository/org/apache/bval/bval-core/1.1.2/bval-core-1.1.2.jar:/Users/giovannitroia/.m2/repository/io/krakens/java-grok/0.1.9/java-grok-0.1.9.jar:/Users/giovannitroia/.m2/repository/org/apache/calcite/calcite-core/1.35.0/calcite-core-1.35.0.jar:/Users/giovannitroia/.m2/repository/org/apache/calcite/calcite-linq4j/1.35.0/calcite-linq4j-1.35.0.jar:/Users/giovannitroia/.m2/repository/org/locationtech/jts/jts-core/1.19.0/jts-core-1.19.0.jar:/Users/giovannitroia/.m2/repository/org/locationtech/jts/io/jts-io-common/1.19.0/jts-io-common-1.19.0.jar:/Users/giovannitroia/.m2/repository/com/googlecode/json-simple/json-simple/1.1.1/json-simple-1.1.1.jar:/Users/giovannitroia/.m2/repository/org/locationtech/proj4j/proj4j/1.2.2/proj4j-1.2.2.jar:/Users/giovannitroia/.m2/repository/com/google/errorprone/error_prone_annotations/2.5.1/error_prone_annotations-2.5.1.jar:/Users/giovannitroia/.m2/repository/com/google/guava/guava/19.0/guava-19.0.jar:/Users/giovannitroia/.m2/repository/org/apache/calcite/avatica/avatica-core/1.23.0/avatica-core-1.23.0.jar:/Users/giovannitroia/.m2/repository/org/apache/calcite/avatica/avatica-metrics/1.23.0/avatica-metrics-1.23.0.jar:/Users/giovannitroia/.m2/repository/com/google/protobuf/protobuf-java/3.21.9/protobuf-java-3.21.9.jar:/Users/giovannitroia/.m2/repository/org/checkerframework/checker-qual/3.10.0/checker-qual-3.10.0.jar:/Users/giovannitroia/.m2/repository/com/google/uzaygezen/uzaygezen-core/0.2/uzaygezen-core-0.2.jar:/Users/giovannitroia/.m2/repository/com/yahoo/datasketches/sketches-core/0.9.0/sketches-core-0.9.0.jar:/Users/giovannitroia/.m2/repository/com/yahoo/datasketches/memory/0.9.0/memory-0.9.0.jar:/Users/giovannitroia/.m2/repository/net/hydromatic/aggdesigner-algorithm/6.0/aggdesigner-algorithm-6.0.jar:/Users/giovannitroia/.m2/repository/commons-lang/commons-lang/2.4/commons-lang-2.4.jar:/Users/giovannitroia/.m2/repository/org/apache/commons/commons-dbcp2/2.9.0/commons-dbcp2-2.9.0.jar:/Users/giovannitroia/.m2/repository/org/apache/commons/commons-pool2/2.10.0/commons-pool2-2.10.0.jar:/Users/giovannitroia/.m2/repository/org/apache/commons/commons-math3/3.6.1/commons-math3-3.6.1.jar:/Users/giovannitroia/.m2/repository/org/codehaus/janino/commons-compiler/3.1.9/commons-compiler-3.1.9.jar:/Users/giovannitroia/.m2/repository/org/codehaus/janino/janino/3.1.9/janino-3.1.9.jar:/Users/giovannitroia/.m2/repository/org/apache/nifi/nifi-database-utils/1.23.2/nifi-database-utils-1.23.2.jar:/Users/giovannitroia/.m2/repository/jakarta/xml/bind/jakarta.xml.bind-api/2.3.3/jakarta.xml.bind-api-2.3.3.jar:/Users/giovannitroia/.m2/repository/org/glassfish/jaxb/jaxb-runtime/2.3.5/jaxb-runtime-2.3.5.jar:/Users/giovannitroia/.m2/repository/org/glassfish/jaxb/txw2/2.3.5/txw2-2.3.5.jar:/Users/giovannitroia/.m2/repository/com/sun/istack/istack-commons-runtime/3.0.12/istack-commons-runtime-3.0.12.jar:/Users/giovannitroia/.m2/repository/org/apache/nifi/nifi-api/1.23.2/nifi-api-1.23.2.jar:/Users/giovannitroia/.m2/repository/org/apache/nifi/nifi-distributed-cache-client-service-api/1.23.2/nifi-distributed-cache-client-service-api-1.23.2.jar:/Users/giovannitroia/.m2/repository/org/apache/nifi/nifi-utils/1.23.2/nifi-utils-1.23.2.jar:/Users/giovannitroia/.m2/repository/org/junit/jupiter/junit-jupiter-params/5.10.0/junit-jupiter-params-5.10.0.jar:/Users/giovannitroia/.m2/repository/org/mockito/mockito-core/4.11.0/mockito-core-4.11.0.jar:/Users/giovannitroia/.m2/repository/net/bytebuddy/byte-buddy/1.12.19/byte-buddy-1.12.19.jar:/Users/giovannitroia/.m2/repository/net/bytebuddy/byte-buddy-agent/1.12.19/byte-buddy-agent-1.12.19.jar:/Users/giovannitroia/.m2/repository/org/objenesis/objenesis/3.3/objenesis-3.3.jar:/Users/giovannitroia/.m2/repository/org/mockito/mockito-junit-jupiter/4.11.0/mockito-junit-jupiter-4.11.0.jar:/Users/giovannitroia/.m2/repository/org/hamcrest/hamcrest-all/1.3/hamcrest-all-1.3.jar:/Users/giovannitroia/.m2/repository/org/slf4j/slf4j-simple/2.0.7/slf4j-simple-2.0.7.jar:/Users/giovannitroia/.m2/repository/org/slf4j/slf4j-api/2.0.7/slf4j-api-2.0.7.jar:"/>
    <property name="sun.cpu.endian" value="little"/>
    <property name="user.home" value="/Users/giovannitroia"/>
    <property name="user.language" value="en"/>
    <property name="java.specification.vendor" value="Oracle Corporation"/>
    <property name="java.version.date" value="2022-04-19"/>
    <property name="java.home" value="/Users/giovannitroia/Library/Java/JavaVirtualMachines/temurin-11.0.15/Contents/Home"/>
    <property name="file.separator" value="/"/>
    <property name="basedir" value="/Users/giovannitroia/Workspace/nar/rocksdb-manager/nifi-rocksdb-manager-processors"/>
    <property name="java.vm.compressedOopsMode" value="Zero based"/>
    <property name="line.separator" value="&#10;"/>
    <property name="java.specification.name" value="Java Platform API Specification"/>
    <property name="java.vm.specification.vendor" value="Oracle Corporation"/>
    <property name="java.awt.graphicsenv" value="sun.awt.CGraphicsEnvironment"/>
    <property name="java.awt.headless" value="true"/>
    <property name="surefire.real.class.path" value="/Users/giovannitroia/Workspace/nar/rocksdb-manager/nifi-rocksdb-manager-processors/target/surefire/surefirebooter-20231209121810247_3.jar"/>
    <property name="sun.management.compiler" value="HotSpot 64-Bit Tiered Compilers"/>
    <property name="ftp.nonProxyHosts" value="local|*.local|169.254/16|*.169.254/16"/>
    <property name="java.runtime.version" value="11.0.15+10"/>
    <property name="user.name" value="giovannitroia"/>
    <property name="path.separator" value=":"/>
    <property name="os.version" value="14.0"/>
    <property name="java.runtime.name" value="OpenJDK Runtime Environment"/>
    <property name="file.encoding" value="UTF-8"/>
    <property name="java.vm.name" value="OpenJDK 64-Bit Server VM"/>
    <property name="java.vendor.version" value="Temurin-11.0.15+10"/>
    <property name="localRepository" value="/Users/giovannitroia/.m2/repository"/>
    <property name="java.vendor.url.bug" value="https://github.com/adoptium/adoptium-support/issues"/>
    <property name="java.io.tmpdir" value="/var/folders/n5/32dh3d8d6kxfrzvhnfd9nnw80000gn/T/"/>
    <property name="idea.version" value="2023.2.5"/>
    <property name="java.version" value="11.0.15"/>
    <property name="user.dir" value="/Users/giovannitroia/Workspace/nar/rocksdb-manager/nifi-rocksdb-manager-processors"/>
    <property name="os.arch" value="x86_64"/>
    <property name="java.vm.specification.name" value="Java Virtual Machine Specification"/>
    <property name="java.awt.printerjob" value="sun.lwawt.macosx.CPrinterJob"/>
    <property name="sun.os.patch.level" value="unknown"/>
    <property name="java.library.path" value="/Users/giovannitroia/Library/Java/Extensions:/Library/Java/Extensions:/Network/Library/Java/Extensions:/System/Library/Java/Extensions:/usr/lib/java:."/>
    <property name="java.vm.info" value="mixed mode"/>
    <property name="java.vendor" value="Eclipse Adoptium"/>
    <property name="java.vm.version" value="11.0.15+10"/>
    <property name="sun.io.unicode.encoding" value="UnicodeBig"/>
    <property name="java.class.version" value="55.0"/>
    <property name="socksNonProxyHosts" value="local|*.local|169.254/16|*.169.254/16"/>
  </properties>
  <testcase name="testWriter" classname="it.org.nifi.rocksdbmanager.processors.ProcessorsAndServiceTest" time="0.286"/>
  <testcase name="testReader" classname="it.org.nifi.rocksdbmanager.processors.ProcessorsAndServiceTest" time="0.032"/>
  <testcase name="testMap" classname="it.org.nifi.rocksdbmanager.processors.ProcessorsAndServiceTest" time="0.117">
    <system-err><![CDATA[[pool-4-thread-1] INFO org.apache.nifi.processors.standard.FetchDistributedMapCache - FetchDistributedMapCache[id=9fbd9192-6157-43e7-afb5-f0fc46704440] Could not find an entry in cache for FlowFile[0,749476830189708.mockFlowFile,0B]; routing to not-found
]]></system-err>
  </testcase>
</testsuite>